Build started 2016-07-04 23:11:19.
     1>Project "C:\Users\Michał Białuski\Documents\GitHub\Komis\Komis\Komis\Komis.vcxproj" on node 2 (Build target(s)).
     1>ClCompile:
         D:\Pliki programów (x86)\Microsoft Visual Studio 12.0\VC\bin\x86_amd64\CL.exe /c /AI"C:\Program Files (x86)\Reference Assemblies\Microsoft\Framework\.NETFramework\v4.5.2\\" /AI"C:\Program Files (x86)\Windows Kits\8.1\References\CommonConfiguration\Neutral" /AI"C:\Program Files (x86)\Reference Assemblies\Microsoft\Framework\.NETFramework\v4.5.2\Facades\\" /Zi /clr /nologo /W3 /WX- /Od /D _DEBUG /D _UNICODE /D UNICODE /EHa /MDd /GS /fp:precise /Zc:wchar_t /Zc:forScope /Fo"x64\Debug\\" /Fd"x64\Debug\vc120.pdb" /TP /FU"C:\Program Files (x86)\Reference Assemblies\Microsoft\Framework\.NETFramework\v4.5.2\mscorlib.dll" /FU"C:\Program Files (x86)\MySQL\Connector.NET 6.9\Assemblies\v4.5\MySql.Data.dll" /FU"C:\Program Files (x86)\Reference Assemblies\Microsoft\Framework\.NETFramework\v4.5.2\System.Data.dll" /FU"C:\Program Files (x86)\Reference Assemblies\Microsoft\Framework\.NETFramework\v4.5.2\System.dll" /FU"C:\Program Files (x86)\Reference Assemblies\Microsoft\Framework\.NETFramework\v4.5.2\System.Drawing.dll" /FU"C:\Program Files (x86)\Reference Assemblies\Microsoft\Framework\.NETFramework\v4.5.2\System.Windows.Forms.dll" /FU"C:\Program Files (x86)\Reference Assemblies\Microsoft\Framework\.NETFramework\v4.5.2\System.Xml.dll" /errorReport:prompt /clr:nostdlib LoginForm.cpp
         LoginForm.cpp
       Link:
         D:\Pliki programów (x86)\Microsoft Visual Studio 12.0\VC\bin\x86_amd64\link.exe /ERRORREPORT:PROMPT /OUT:"C:\Users\Michał Białuski\Documents\GitHub\Komis\Komis\x64\Debug\Komis.exe" /INCREMENTAL /NOLOGO /ASSEMBLYRESOURCE:x64\Debug\Komis.DodajPojazdForm.resources /ASSEMBLYRESOURCE:x64\Debug\Komis.LoginForm.resources /ASSEMBLYRESOURCE:x64\Debug\Komis.MainForm.resources /ASSEMBLYRESOURCE:x64\Debug\Komis.UzytkownikForm.resources /MANIFEST /MANIFESTUAC:"level='asInvoker' uiAccess='false'" /manifest:embed /PDB:"C:\Users\Michał Białuski\Documents\GitHub\Komis\Komis\x64\Debug\Komis.pdb" /ASSEMBLYDEBUG /SUBSYSTEM:WINDOWS /TLBID:1 /ENTRY:"main" /DYNAMICBASE /FIXED:NO /NXCOMPAT /MACHINE:X64 x64\Debug\DodajPojazdForm.obj
         x64\Debug\Listy.obj
         x64\Debug\LoginForm.obj
         x64\Debug\Main.obj
         x64\Debug\Marka.obj
         x64\Debug\Maszyna.obj
         x64\Debug\Model.obj
         x64\Debug\MainForm.obj
         x64\Debug\Pojazd.obj
         x64\Debug\Uzytkownik.obj
         x64\Debug\UzytkownikForm.obj
         "x64\Debug\.NETFramework,Version=v4.5.2.AssemblyAttributes.obj"
         Komis.vcxproj -> C:\Users\Michał Białuski\Documents\GitHub\Komis\Komis\x64\Debug\Komis.exe
     1>Done Building Project "C:\Users\Michał Białuski\Documents\GitHub\Komis\Komis\Komis\Komis.vcxproj" (Build target(s)).

Build succeeded.

Time Elapsed 00:00:02.31
