c:\users\michał białuski\documents\github\komis\komis\komis\x64\debug\vc120.pdb
c:\users\michał białuski\documents\github\komis\komis\komis\x64\debug\.netframework,version=v4.5.2.assemblyattributes.obj
c:\users\michał białuski\documents\github\komis\komis\komis\x64\debug\uzytkownikform.obj
c:\users\michał białuski\documents\github\komis\komis\komis\x64\debug\uzytkownik.obj
c:\users\michał białuski\documents\github\komis\komis\komis\x64\debug\mainform.obj
c:\users\michał białuski\documents\github\komis\komis\komis\x64\debug\main.obj
c:\users\michał białuski\documents\github\komis\komis\komis\x64\debug\loginform.obj
c:\users\michał białuski\documents\github\komis\komis\komis\x64\debug\listy.obj
c:\users\michał białuski\documents\github\komis\komis\komis\x64\debug\dodajpojazdform.obj
c:\users\michał białuski\documents\github\komis\komis\komis\x64\debug\pojazd.obj
c:\users\michał białuski\documents\github\komis\komis\komis\x64\debug\model.obj
c:\users\michał białuski\documents\github\komis\komis\komis\x64\debug\maszyna.obj
c:\users\michał białuski\documents\github\komis\komis\komis\x64\debug\marka.obj
c:\users\michał białuski\documents\github\komis\komis\komis\x64\debug\komis.dodajpojazdform.resources
c:\users\michał białuski\documents\github\komis\komis\komis\x64\debug\komis.loginform.resources
c:\users\michał białuski\documents\github\komis\komis\komis\x64\debug\komis.mainform.resources
c:\users\michał białuski\documents\github\komis\komis\komis\x64\debug\komis.uzytkownikform.resources
c:\users\michał białuski\documents\github\komis\komis\x64\debug\komis.exe
c:\users\michał białuski\documents\github\komis\komis\komis\x64\debug\komis.tlog\metagen.write.1.tlog
c:\users\michał białuski\documents\github\komis\komis\komis\x64\debug\komis.vcxproj.generateresource.cache
c:\users\michał białuski\documents\github\komis\komis\komis\x64\debug\komis.vcxprojresolveassemblyreference.cache
c:\users\michał białuski\documents\github\komis\komis\komis\x64\debug\komis.tlog\cl.command.1.tlog
c:\users\michał białuski\documents\github\komis\komis\komis\x64\debug\komis.tlog\cl.read.1.tlog
c:\users\michał białuski\documents\github\komis\komis\komis\x64\debug\komis.tlog\cl.write.1.tlog
c:\users\michał białuski\documents\github\komis\komis\komis\x64\debug\komis.tlog\komis.write.1u.tlog
c:\users\michał białuski\documents\github\komis\komis\komis\x64\debug\komis.tlog\link.command.1.tlog
c:\users\michał białuski\documents\github\komis\komis\komis\x64\debug\komis.tlog\link.read.1.tlog
c:\users\michał białuski\documents\github\komis\komis\komis\x64\debug\komis.tlog\link.write.1.tlog
c:\users\michał białuski\documents\github\komis\komis\komis\x64\debug\komis.tlog\metagen.read.1.tlog
c:\users\michał białuski\documents\github\komis\komis\komis\x64\debug\komis.tlog\mysql.data.dll.metagen
c:\users\michał białuski\documents\github\komis\komis\komis\x64\debug\komis.tlog\tzres.dll.bi
