c:\users\michał białuski\documents\github\komis\komis\komis\debug\vc140.pdb
c:\users\michał białuski\documents\github\komis\komis\komis\debug\uzytkownik.obj
c:\users\michał białuski\documents\github\komis\komis\komis\debug\pojazd.obj
c:\users\michał białuski\documents\github\komis\komis\komis\debug\mainform.obj
c:\users\michał białuski\documents\github\komis\komis\komis\debug\model.obj
c:\users\michał białuski\documents\github\komis\komis\komis\debug\maszyna.obj
c:\users\michał białuski\documents\github\komis\komis\komis\debug\marka.obj
c:\users\michał białuski\documents\github\komis\komis\komis\debug\main.obj
c:\users\michał białuski\documents\github\komis\komis\komis\debug\loginform.obj
c:\users\michał białuski\documents\github\komis\komis\komis\debug\listy.obj
c:\users\michał białuski\documents\github\komis\komis\komis\debug\errorform.obj
c:\users\michał białuski\documents\github\komis\komis\komis\debug\dodajpojazdform.obj
c:\users\michał białuski\documents\github\komis\komis\komis\debug\.netframework,version=v4.5.2.assemblyattributes.obj
c:\users\michał białuski\documents\github\komis\komis\komis\debug\.netframework,version=v4.5.2.assemblyattributes.asm
c:\users\michał białuski\documents\github\komis\komis\komis\debug\komis.dodajpojazdform.resources
c:\users\michał białuski\documents\github\komis\komis\komis\debug\komis.errorform.resources
c:\users\michał białuski\documents\github\komis\komis\komis\debug\komis.loginform.resources
c:\users\michał białuski\documents\github\komis\komis\komis\debug\komis.mainform.resources
c:\users\michał białuski\documents\github\komis\komis\debug\komis.exe
c:\users\michał białuski\documents\github\komis\komis\debug\komis.pdb
c:\users\michał białuski\documents\github\komis\komis\komis\debug\komis.vcxproj.generateresource.cache
c:\users\michał białuski\documents\github\komis\komis\komis\debug\komis.tlog\cl.command.1.tlog
c:\users\michał białuski\documents\github\komis\komis\komis\debug\komis.tlog\cl.read.1.tlog
c:\users\michał białuski\documents\github\komis\komis\komis\debug\komis.tlog\cl.write.1.tlog
c:\users\michał białuski\documents\github\komis\komis\komis\debug\komis.tlog\komis.write.1u.tlog
c:\users\michał białuski\documents\github\komis\komis\komis\debug\komis.tlog\link.command.1.tlog
c:\users\michał białuski\documents\github\komis\komis\komis\debug\komis.tlog\link.read.1.tlog
c:\users\michał białuski\documents\github\komis\komis\komis\debug\komis.tlog\link.write.1.tlog
c:\users\michał białuski\documents\github\komis\komis\komis\debug\komis.tlog\metagen.read.1.tlog
c:\users\michał białuski\documents\github\komis\komis\komis\debug\komis.tlog\metagen.write.1.tlog
c:\users\michał białuski\documents\github\komis\komis\komis\debug\komis.tlog\tzres.dll.bi
